[debug] [2023-06-10T07:54:46.979Z] ----------------------------------------------------------------------
[debug] [2023-06-10T07:54:46.982Z] Command:       C:\Users\dell\.nvm\versions\node\v16.13.2\bin\node.exe C:\Users\dell\.nvm\versions\node\v16.13.2\bin\node_modules\firebase-tools\lib\bin\firebase.js init
[debug] [2023-06-10T07:54:46.982Z] CLI Version:   12.3.1
[debug] [2023-06-10T07:54:46.983Z] Platform:      win32
[debug] [2023-06-10T07:54:46.983Z] Node Version:  v16.13.2
[debug] [2023-06-10T07:54:46.985Z] Time:          Sat Jun 10 2023 10:54:46 GMT+0300 (Israel Daylight Time)
[debug] [2023-06-10T07:54:46.985Z] ----------------------------------------------------------------------
[debug] 
[debug] [2023-06-10T07:54:46.995Z] > command requires scopes: ["email","openid","https://www.googleapis.com/auth/cloudplatformprojects.readonly","https://www.googleapis.com/auth/firebase","https://www.googleapis.com/auth/cloud-platform"]
[debug] [2023-06-10T07:54:46.996Z] > authorizing via signed-in user (kupkup1992@gmail.com)
[info] 
     ######## #### ########  ######## ########     ###     ######  ########
     ##        ##  ##     ## ##       ##     ##  ##   ##  ##       ##
     ######    ##  ########  ######   ########  #########  ######  ######
     ##        ##  ##    ##  ##       ##     ## ##     ##       ## ##
     ##       #### ##     ## ######## ########  ##     ##  ######  ########

You're about to initialize a Firebase project in this directory:

  C:\Projects\wordle_game_project\public

Before we get started, keep in mind:

  * You are currently outside your home directory

