[debug] [2023-06-10T07:54:31.510Z] ----------------------------------------------------------------------
[debug] [2023-06-10T07:54:31.514Z] Command:       C:\Users\dell\.nvm\versions\node\v16.13.2\bin\node.exe C:\Users\dell\.nvm\versions\node\v16.13.2\bin\node_modules\firebase-tools\lib\bin\firebase.js init
[debug] [2023-06-10T07:54:31.515Z] CLI Version:   12.3.1
[debug] [2023-06-10T07:54:31.516Z] Platform:      win32
[debug] [2023-06-10T07:54:31.516Z] Node Version:  v16.13.2
[debug] [2023-06-10T07:54:31.518Z] Time:          Sat Jun 10 2023 10:54:31 GMT+0300 (Israel Daylight Time)
[debug] [2023-06-10T07:54:31.518Z] ----------------------------------------------------------------------
[debug] 
[debug] [2023-06-10T07:54:31.529Z] > command requires scopes: ["email","openid","https://www.googleapis.com/auth/cloudplatformprojects.readonly","https://www.googleapis.com/auth/firebase","https://www.googleapis.com/auth/cloud-platform"]
[debug] [2023-06-10T07:54:31.530Z] > authorizing via signed-in user (kupkup1992@gmail.com)
[info] 
     ######## #### ########  ######## ########     ###     ######  ########
     ##        ##  ##     ## ##       ##     ##  ##   ##  ##       ##
     ######    ##  ########  ######   ########  #########  ######  ######
     ##        ##  ##    ##  ##       ##     ## ##     ##       ## ##
     ##       #### ##     ## ######## ########  ##     ##  ######  ########

You're about to initialize a Firebase project in this directory:

  C:\Projects\wordle_game_project\firebase

Before we get started, keep in mind:

  * You are currently outside your home directory

